  Building 'Hide' with toolset 'WindowsKernelModeDriver10.0' and the 'Universal' target platform.
  Stamping Debug\Hide.inf
  Stamping [Version] section with DriverVer=11/04/2018,18.13.43.587
  discoveroffset.c
  driver.c
  hideprocess.c
  irphandlers.c
  正在生成代码...
  Hide.vcxproj -> C:\HideProcess\Hide\Debug\Hide.sys
  Hide.vcxproj -> C:\HideProcess\Hide\Debug\Hide.pdb (Full PDB)
  Done Adding Additional Store
  Successfully signed: C:\HideProcess\Hide\Debug\Hide.sys
  
  Driver is a Universal Driver.
  ........................
  Signability test complete.
  
  Errors:
  None
  
  Warnings:
  None
  
  Catalog generation complete.
  C:\HideProcess\Hide\Debug\Hide\hide.cat
  Done Adding Additional Store
  Successfully signed: C:\HideProcess\Hide\Debug\Hide\hide.cat
  
